2015-01-06 08:50:52 =ERROR REPORT====
** Generic server <0.104.0> terminating 
** Last message in was {delete,undefined}
** When Server state == {state,connected,1,undefined,[{name,{local,boss_db_pool}},{worker_module,boss_db_controller},{size,5},{max_overflow,10},{adapter,mock},{cache_enable,false},{cache_prefix,db},{shards,[]},{is_master_node,true},{db_host,"localhost"},{db_port,1978}],boss_db_adapter_mock,undefined,undefined,[],{dict,0,16,16,8,80,48,{[],[],[],[],[],[],[],[],[],[],[],[],[],[],[],[]},{{[],[],[],[],[],[],[],[],[],[],[],[],[],[],[],[]}}},false,60,db,0}
** Reason for termination == 
** {function_clause,[{boss_db_controller,infer_type_from_id,[undefined],[{file,"src/boss_db_controller.erl"},{line,418}]},{boss_db_controller,db_for_key,2,[{file,"src/boss_db_controller.erl"},{line,405}]},{boss_db_controller,handle_call,3,[{file,"src/boss_db_controller.erl"},{line,153}]},{gen_server,try_handle_call,4,[{file,"gen_server.erl"},{line,607}]},{gen_server,handle_msg,5,[{file,"gen_server.erl"},{line,639}]},{proc_lib,init_p_do_apply,3,[{file,"proc_lib.erl"},{line,237}]}]}
2015-01-06 08:50:52 =CRASH REPORT====
  crasher:
    initial call: boss_db_controller:init/1
    pid: <0.104.0>
    registered_name: []
    exception exit: {{function_clause,[{boss_db_controller,infer_type_from_id,[undefined],[{file,"src/boss_db_controller.erl"},{line,418}]},{boss_db_controller,db_for_key,2,[{file,"src/boss_db_controller.erl"},{line,405}]},{boss_db_controller,handle_call,3,[{file,"src/boss_db_controller.erl"},{line,153}]},{gen_server,try_handle_call,4,[{file,"gen_server.erl"},{line,607}]},{gen_server,handle_msg,5,[{file,"gen_server.erl"},{line,639}]},{proc_lib,init_p_do_apply,3,[{file,"proc_lib.erl"},{line,237}]}]},[{gen_server,terminate,7,[{file,"gen_server.erl"},{line,804}]},{proc_lib,init_p_do_apply,3,[{file,"proc_lib.erl"},{line,237}]}]}
    ancestors: [<0.100.0>,boss_db_pool,boss_db_sup,boss_web,boss_sup,<0.93.0>]
    messages: []
    links: [<0.100.0>,<0.99.0>]
    dictionary: []
    trap_exit: true
    status: running
    heap_size: 987
    stack_size: 27
    reductions: 617
  neighbours:
2015-01-06 08:50:52 =SUPERVISOR REPORT====
     Supervisor: {<0.100.0>,poolboy_sup}
     Context:    child_terminated
     Reason:     {function_clause,[{boss_db_controller,infer_type_from_id,[undefined],[{file,"src/boss_db_controller.erl"},{line,418}]},{boss_db_controller,db_for_key,2,[{file,"src/boss_db_controller.erl"},{line,405}]},{boss_db_controller,handle_call,3,[{file,"src/boss_db_controller.erl"},{line,153}]},{gen_server,try_handle_call,4,[{file,"gen_server.erl"},{line,607}]},{gen_server,handle_msg,5,[{file,"gen_server.erl"},{line,639}]},{proc_lib,init_p_do_apply,3,[{file,"proc_lib.erl"},{line,237}]}]}
     Offender:   [{pid,<0.104.0>},{name,boss_db_controller},{mfargs,{boss_db_controller,start_link,undefined}},{restart_type,temporary},{shutdown,5000},{child_type,worker}]

2015-01-06 10:26:17 =ERROR REPORT====
** Generic server <0.104.0> terminating 
** Last message in was {delete,undefined}
** When Server state == {state,connected,1,undefined,[{name,{local,boss_db_pool}},{worker_module,boss_db_controller},{size,5},{max_overflow,10},{adapter,mock},{cache_enable,false},{cache_prefix,db},{shards,[]},{is_master_node,true},{db_host,"localhost"},{db_port,1978}],boss_db_adapter_mock,undefined,undefined,[],{dict,0,16,16,8,80,48,{[],[],[],[],[],[],[],[],[],[],[],[],[],[],[],[]},{{[],[],[],[],[],[],[],[],[],[],[],[],[],[],[],[]}}},false,60,db,0}
** Reason for termination == 
** {function_clause,[{boss_db_controller,infer_type_from_id,[undefined],[{file,"src/boss_db_controller.erl"},{line,418}]},{boss_db_controller,db_for_key,2,[{file,"src/boss_db_controller.erl"},{line,405}]},{boss_db_controller,handle_call,3,[{file,"src/boss_db_controller.erl"},{line,153}]},{gen_server,try_handle_call,4,[{file,"gen_server.erl"},{line,607}]},{gen_server,handle_msg,5,[{file,"gen_server.erl"},{line,639}]},{proc_lib,init_p_do_apply,3,[{file,"proc_lib.erl"},{line,237}]}]}
2015-01-06 10:26:17 =CRASH REPORT====
  crasher:
    initial call: boss_db_controller:init/1
    pid: <0.104.0>
    registered_name: []
    exception exit: {{function_clause,[{boss_db_controller,infer_type_from_id,[undefined],[{file,"src/boss_db_controller.erl"},{line,418}]},{boss_db_controller,db_for_key,2,[{file,"src/boss_db_controller.erl"},{line,405}]},{boss_db_controller,handle_call,3,[{file,"src/boss_db_controller.erl"},{line,153}]},{gen_server,try_handle_call,4,[{file,"gen_server.erl"},{line,607}]},{gen_server,handle_msg,5,[{file,"gen_server.erl"},{line,639}]},{proc_lib,init_p_do_apply,3,[{file,"proc_lib.erl"},{line,237}]}]},[{gen_server,terminate,7,[{file,"gen_server.erl"},{line,804}]},{proc_lib,init_p_do_apply,3,[{file,"proc_lib.erl"},{line,237}]}]}
    ancestors: [<0.100.0>,boss_db_pool,boss_db_sup,boss_web,boss_sup,<0.93.0>]
    messages: []
    links: [<0.100.0>,<0.99.0>]
    dictionary: []
    trap_exit: true
    status: running
    heap_size: 987
    stack_size: 27
    reductions: 518
  neighbours:
2015-01-06 10:26:17 =SUPERVISOR REPORT====
     Supervisor: {<0.100.0>,poolboy_sup}
     Context:    child_terminated
     Reason:     {function_clause,[{boss_db_controller,infer_type_from_id,[undefined],[{file,"src/boss_db_controller.erl"},{line,418}]},{boss_db_controller,db_for_key,2,[{file,"src/boss_db_controller.erl"},{line,405}]},{boss_db_controller,handle_call,3,[{file,"src/boss_db_controller.erl"},{line,153}]},{gen_server,try_handle_call,4,[{file,"gen_server.erl"},{line,607}]},{gen_server,handle_msg,5,[{file,"gen_server.erl"},{line,639}]},{proc_lib,init_p_do_apply,3,[{file,"proc_lib.erl"},{line,237}]}]}
     Offender:   [{pid,<0.104.0>},{name,boss_db_controller},{mfargs,{boss_db_controller,start_link,undefined}},{restart_type,temporary},{shutdown,5000},{child_type,worker}]

2015-01-06 10:26:23 =ERROR REPORT====
GET /greeting/ [cb_tutorial] 404 0ms2015-01-06 10:27:17 =ERROR REPORT====
Error in process <0.267.0> on node 'cb_tutorial@bunlong' with exit value: {{badmatch,false},[{cowboy_router,execute,2,[{file,"src/cowboy_router.erl"},{line,170}]},{cowboy_protocol,execute,4,[{file,"src/cowboy_protocol.erl"},{line,529}]}]}

2015-01-06 10:27:17 =ERROR REPORT====
Ranch listener boss_http_listener had connection process started with cowboy_protocol:start_link/4 at <0.267.0> exit with reason: {{badmatch,false},[{cowboy_router,execute,2,[{file,"src/cowboy_router.erl"},{line,170}]},{cowboy_protocol,execute,4,[{file,"src/cowboy_protocol.erl"},{line,529}]}]}
2015-01-06 10:29:25 =ERROR REPORT====
** Generic server <0.103.0> terminating 
** Last message in was {delete,undefined}
** When Server state == {state,connected,1,undefined,[{name,{local,boss_db_pool}},{worker_module,boss_db_controller},{size,5},{max_overflow,10},{adapter,mock},{cache_enable,false},{cache_prefix,db},{shards,[]},{is_master_node,true},{db_host,"localhost"},{db_port,1978}],boss_db_adapter_mock,undefined,undefined,[],{dict,0,16,16,8,80,48,{[],[],[],[],[],[],[],[],[],[],[],[],[],[],[],[]},{{[],[],[],[],[],[],[],[],[],[],[],[],[],[],[],[]}}},false,60,db,0}
** Reason for termination == 
** {function_clause,[{boss_db_controller,infer_type_from_id,[undefined],[{file,"src/boss_db_controller.erl"},{line,418}]},{boss_db_controller,db_for_key,2,[{file,"src/boss_db_controller.erl"},{line,405}]},{boss_db_controller,handle_call,3,[{file,"src/boss_db_controller.erl"},{line,153}]},{gen_server,try_handle_call,4,[{file,"gen_server.erl"},{line,607}]},{gen_server,handle_msg,5,[{file,"gen_server.erl"},{line,639}]},{proc_lib,init_p_do_apply,3,[{file,"proc_lib.erl"},{line,237}]}]}
2015-01-06 10:29:25 =CRASH REPORT====
  crasher:
    initial call: boss_db_controller:init/1
    pid: <0.103.0>
    registered_name: []
    exception exit: {{function_clause,[{boss_db_controller,infer_type_from_id,[undefined],[{file,"src/boss_db_controller.erl"},{line,418}]},{boss_db_controller,db_for_key,2,[{file,"src/boss_db_controller.erl"},{line,405}]},{boss_db_controller,handle_call,3,[{file,"src/boss_db_controller.erl"},{line,153}]},{gen_server,try_handle_call,4,[{file,"gen_server.erl"},{line,607}]},{gen_server,handle_msg,5,[{file,"gen_server.erl"},{line,639}]},{proc_lib,init_p_do_apply,3,[{file,"proc_lib.erl"},{line,237}]}]},[{gen_server,terminate,7,[{file,"gen_server.erl"},{line,804}]},{proc_lib,init_p_do_apply,3,[{file,"proc_lib.erl"},{line,237}]}]}
    ancestors: [<0.100.0>,boss_db_pool,boss_db_sup,boss_web,boss_sup,<0.93.0>]
    messages: []
    links: [<0.100.0>,<0.99.0>]
    dictionary: []
    trap_exit: true
    status: running
    heap_size: 987
    stack_size: 27
    reductions: 627
  neighbours:
2015-01-06 10:29:25 =SUPERVISOR REPORT====
     Supervisor: {<0.100.0>,poolboy_sup}
     Context:    child_terminated
     Reason:     {function_clause,[{boss_db_controller,infer_type_from_id,[undefined],[{file,"src/boss_db_controller.erl"},{line,418}]},{boss_db_controller,db_for_key,2,[{file,"src/boss_db_controller.erl"},{line,405}]},{boss_db_controller,handle_call,3,[{file,"src/boss_db_controller.erl"},{line,153}]},{gen_server,try_handle_call,4,[{file,"gen_server.erl"},{line,607}]},{gen_server,handle_msg,5,[{file,"gen_server.erl"},{line,639}]},{proc_lib,init_p_do_apply,3,[{file,"proc_lib.erl"},{line,237}]}]}
     Offender:   [{pid,<0.103.0>},{name,boss_db_controller},{mfargs,{boss_db_controller,start_link,undefined}},{restart_type,temporary},{shutdown,5000},{child_type,worker}]

2015-01-06 10:29:38 =SUPERVISOR REPORT====
     Supervisor: {<0.110.0>,poolboy_sup}
     Context:    shutdown_error
     Reason:     shutdown
     Offender:   [{nb_children,8},{name,boss_session_controller},{mfargs,{boss_session_controller,start_link,[[{name,{local,boss_session_pool}},{worker_module,boss_session_controller},{size,20},{max_overflow,40},{adapter,boss_session_adapter_mock},{session_exp_time,525600},{session_key,"_boss_session"}]]}},{restart_type,temporary},{shutdown,5000},{child_type,worker}]

2015-01-06 10:34:00 =SUPERVISOR REPORT====
     Supervisor: {<0.110.0>,poolboy_sup}
     Context:    shutdown_error
     Reason:     shutdown
     Offender:   [{nb_children,5},{name,boss_session_controller},{mfargs,{boss_session_controller,start_link,[[{name,{local,boss_session_pool}},{worker_module,boss_session_controller},{size,20},{max_overflow,40},{adapter,boss_session_adapter_mock},{session_exp_time,525600},{session_key,"_boss_session"}]]}},{restart_type,temporary},{shutdown,5000},{child_type,worker}]

2015-01-06 20:44:07 =ERROR REPORT====
GET /greeting [cb_tutorial] 404 0ms2015-01-06 21:31:52 =SUPERVISOR REPORT====
     Supervisor: {<0.110.0>,poolboy_sup}
     Context:    shutdown_error
     Reason:     shutdown
     Offender:   [{nb_children,5},{name,boss_session_controller},{mfargs,{boss_session_controller,start_link,[[{name,{local,boss_session_pool}},{worker_module,boss_session_controller},{size,20},{max_overflow,40},{adapter,boss_session_adapter_mock},{session_exp_time,525600},{session_key,"_boss_session"}]]}},{restart_type,temporary},{shutdown,5000},{child_type,worker}]

